\BOOKMARK [1][-]{section.1}{Introduction}{}% 1
\BOOKMARK [2][-]{subsection.1.1}{On human behavior}{section.1}% 2
\BOOKMARK [2][-]{subsection.1.2}{The keyring system}{section.1}% 3
\BOOKMARK [2][-]{subsection.1.3}{Advantages}{section.1}% 4
\BOOKMARK [1][-]{section.2}{Keys}{}% 5
\BOOKMARK [2][-]{subsection.2.1}{Secret keys}{section.2}% 6
\BOOKMARK [2][-]{subsection.2.2}{Site keys}{section.2}% 7
\BOOKMARK [2][-]{subsection.2.3}{User keys}{section.2}% 8
\BOOKMARK [2][-]{subsection.2.4}{Key lifetime and old keys}{section.2}% 9
\BOOKMARK [2][-]{subsection.2.5}{Compromised keys}{section.2}% 10
\BOOKMARK [1][-]{section.3}{Storing user keys in a keyring}{}% 11
\BOOKMARK [2][-]{subsection.3.1}{Creating a keyring}{section.3}% 12
\BOOKMARK [2][-]{subsection.3.2}{Applying for a userid}{section.3}% 13
\BOOKMARK [2][-]{subsection.3.3}{Encrypting a keyring}{section.3}% 14
\BOOKMARK [2][-]{subsection.3.4}{Copying keys and keyrings}{section.3}% 15
\BOOKMARK [1][-]{section.4}{Logging in}{}% 16
\BOOKMARK [2][-]{subsection.4.1}{Step 1: knock, knock\203}{section.4}% 17
\BOOKMARK [2][-]{subsection.4.2}{Step 2: site key lookup}{section.4}% 18
\BOOKMARK [2][-]{subsection.4.3}{Step 3: SDPS actions}{section.4}% 19
\BOOKMARK [2][-]{subsection.4.4}{Step 4: user verifies site key}{section.4}% 20
\BOOKMARK [2][-]{subsection.4.5}{Step 5: site verifies user key}{section.4}% 21
\BOOKMARK [2][-]{subsection.4.6}{Step 6: key replacement}{section.4}% 22
\BOOKMARK [1][-]{section.5}{Required hardware}{}% 23
\BOOKMARK [2][-]{subsection.5.1}{Firewall}{section.5}% 24
\BOOKMARK [2][-]{subsection.5.2}{Accounts database}{section.5}% 25
\BOOKMARK [2][-]{subsection.5.3}{SDPS}{section.5}% 26
\BOOKMARK [2][-]{subsection.5.4}{HSM}{section.5}% 27
\BOOKMARK [1][-]{section.6}{Software}{}% 28
\BOOKMARK [2][-]{subsection.6.1}{SDPS functions}{section.6}% 29
\BOOKMARK [2][-]{subsection.6.2}{HSM}{section.6}% 30
\BOOKMARK [2][-]{subsection.6.3}{Accounts Database}{section.6}% 31
\BOOKMARK [2][-]{subsection.6.4}{Website}{section.6}% 32
\BOOKMARK [2][-]{subsection.6.5}{Browser}{section.6}% 33
\BOOKMARK [1][-]{section.7}{Conclusion}{}% 34
